{
  "RSpec": {
    "coverage": {
      "/home/tolich/Projects/KindCarrier/KindCarrierBackend/spec/interactions/messages/create_message_spec.rb": [
        1,
        1,
        3,
        3,
        1,
        2,
        null,
        null,
        1,
        2,
        null,
        1,
        1,
        null,
        null,
        null,
        1,
        2,
        null,
        1,
        2,
        1,
        null,
        null,
        null
      ],
      "/home/tolich/Projects/KindCarrier/KindCarrierBackend/spec/rails_helper.rb": [
        null,
        1,
        1,
        1,
        null,
        1,
        1,
        null,
        null,
        4,
        null,
        null,
        null,
        null,
        null,
        null,
        null,
        null,
        null,
        null,
        null,
        null,
        null,
        null,
        null,
        null,
        null,
        null,
        1,
        null,
        0,
        0,
        null,
        1,
        null,
        1,
        null,
        null,
        null,
        null,
        1,
        null,
        null,
        null,
        null,
        null,
        null,
        null,
        null,
        null,
        null,
        null,
        null,
        null,
        null,
        1,
        null,
        null,
        1,
        null,
        null,
        null
      ],
      "/home/tolich/Projects/KindCarrier/KindCarrierBackend/config/environment.rb": [
        null,
        1,
        null,
        null,
        1
      ],
      "/home/tolich/Projects/KindCarrier/KindCarrierBackend/config/application.rb": [
        1,
        null,
        1,
        null,
        1,
        1,
        1,
        1,
        1,
        1,
        1,
        1,
        1,
        null,
        null,
        1,
        null,
        null,
        1,
        null,
        1,
        null,
        1,
        null,
        1,
        1,
        null,
        null,
        null,
        null,
        null,
        null,
        1,
        null
      ],
      "/home/tolich/Projects/KindCarrier/KindCarrierBackend/config/boot.rb": [
        1,
        null,
        1,
        1
      ],
      "/home/tolich/Projects/KindCarrier/KindCarrierBackend/lib/kind_carrier_backend.rb": [
        1,
        null
      ],
      "/home/tolich/Projects/KindCarrier/KindCarrierBackend/config/spring.rb": [
        null,
        1,
        null,
        null,
        null,
        4
      ],
      "/home/tolich/Projects/KindCarrier/KindCarrierBackend/config/environments/test.rb": [
        1,
        null,
        null,
        null,
        null,
        null,
        null,
        1,
        null,
        null,
        null,
        null,
        1,
        null,
        null,
        1,
        1,
        null,
        null,
        null,
        null,
        1,
        1,
        null,
        null,
        1,
        null,
        null,
        1,
        null,
        null,
        1,
        null,
        1,
        null,
        null,
        null,
        null,
        1,
        null,
        null,
        1,
        null,
        null,
        null,
        null
      ],
      "/home/tolich/Projects/KindCarrier/KindCarrierBackend/config/initializers/application_controller_renderer.rb": [
        null,
        null,
        null,
        null,
        null,
        null,
        null,
        null
      ],
      "/home/tolich/Projects/KindCarrier/KindCarrierBackend/config/initializers/assets.rb": [
        null,
        null,
        null,
        1,
        null,
        null,
        null,
        null,
        1,
        null,
        null,
        null,
        null,
        null
      ],
      "/home/tolich/Projects/KindCarrier/KindCarrierBackend/config/initializers/backtrace_silencers.rb": [
        null,
        null,
        null,
        null,
        null,
        null,
        null
      ],
      "/home/tolich/Projects/KindCarrier/KindCarrierBackend/config/initializers/content_security_policy.rb": [
        null,
        null,
        null,
        null,
        null,
        null,
        null,
        null,
        null,
        null,
        null,
        null,
        null,
        null,
        null,
        null,
        null,
        null,
        null,
        null,
        null,
        null,
        null,
        null,
        null
      ],
      "/home/tolich/Projects/KindCarrier/KindCarrierBackend/config/initializers/cookies_serializer.rb": [
        null,
        null,
        null,
        null,
        1
      ],
      "/home/tolich/Projects/KindCarrier/KindCarrierBackend/config/initializers/filter_parameter_logging.rb": [
        null,
        null,
        null,
        1
      ],
      "/home/tolich/Projects/KindCarrier/KindCarrierBackend/config/initializers/inflections.rb": [
        null,
        null,
        null,
        null,
        null,
        null,
        null,
        null,
        null,
        null,
        null,
        null,
        null,
        null,
        null,
        null
      ],
      "/home/tolich/Projects/KindCarrier/KindCarrierBackend/config/initializers/mime_types.rb": [
        null,
        null,
        null,
        null
      ],
      "/home/tolich/Projects/KindCarrier/KindCarrierBackend/config/initializers/rswag_api.rb": [
        1,
        null,
        null,
        null,
        null,
        1,
        null,
        null,
        null,
        null,
        null,
        null,
        null
      ],
      "/home/tolich/Projects/KindCarrier/KindCarrierBackend/config/initializers/rswag_ui.rb": [
        1,
        null,
        null,
        null,
        null,
        null,
        null,
        1,
        null
      ],
      "/home/tolich/Projects/KindCarrier/KindCarrierBackend/config/initializers/wrap_parameters.rb": [
        null,
        null,
        null,
        null,
        null,
        null,
        1,
        2,
        null,
        null,
        null,
        null,
        null,
        null
      ],
      "/home/tolich/Projects/KindCarrier/KindCarrierBackend/spec/factories/address.rb": [
        1,
        1,
        1,
        1,
        1,
        1,
        1,
        1,
        null,
        null
      ],
      "/home/tolich/Projects/KindCarrier/KindCarrierBackend/spec/factories/message.rb": [
        1,
        1,
        1,
        1,
        3,
        null,
        null
      ],
      "/home/tolich/Projects/KindCarrier/KindCarrierBackend/spec/factories/negotiation.rb": [
        1,
        1,
        14,
        34,
        34,
        34,
        14,
        23,
        null,
        1,
        null,
        33,
        null,
        null,
        null,
        null,
        null,
        null,
        null,
        1,
        null,
        33,
        null,
        null,
        null,
        null,
        null,
        null,
        null,
        28,
        null,
        null
      ],
      "/home/tolich/Projects/KindCarrier/KindCarrierBackend/spec/factories/user.rb": [
        1,
        1,
        92,
        92,
        91,
        98,
        91,
        null,
        null
      ],
      "/home/tolich/Projects/KindCarrier/KindCarrierBackend/config/routes.rb": [
        1,
        1,
        1,
        null,
        1,
        1,
        1,
        1,
        null,
        1,
        1,
        null
      ],
      "/home/tolich/Projects/KindCarrier/KindCarrierBackend/spec/support/api_helper.rb": [
        1,
        11,
        null,
        8,
        8,
        8,
        null
      ],
      "/home/tolich/Projects/KindCarrier/KindCarrierBackend/spec/support/swagger_definitions.rb": [
        1,
        1,
        null,
        1,
        null,
        null,
        null,
        null,
        null,
        null,
        1,
        null,
        1,
        null,
        null,
        null,
        null,
        null,
        null,
        null,
        null,
        null,
        null,
        null,
        1,
        null,
        1,
        null,
        null,
        null,
        null,
        null,
        null,
        null,
        1,
        null,
        1,
        null,
        null,
        null,
        null,
        null,
        null,
        null,
        null,
        null,
        null,
        null,
        null,
        null,
        null,
        null,
        1,
        null,
        1,
        null,
        null,
        null,
        null,
        null,
        null,
        null,
        null,
        null,
        null,
        null,
        null
      ],
      "/home/tolich/Projects/KindCarrier/KindCarrierBackend/spec/support/factory_bot.rb": [
        1,
        1,
        null
      ],
      "/home/tolich/Projects/KindCarrier/KindCarrierBackend/app/interactions/messages/create_message.rb": [
        1,
        1,
        1,
        1,
        null,
        1,
        1,
        null,
        1,
        1,
        null,
        null,
        null,
        null,
        1,
        null,
        1,
        2,
        null,
        null,
        1,
        6,
        null,
        null,
        1,
        2,
        null,
        null
      ],
      "/home/tolich/Projects/KindCarrier/KindCarrierBackend/app/interactions/application_interactor.rb": [
        1,
        null
      ],
      "/home/tolich/Projects/KindCarrier/KindCarrierBackend/spec/interactions/messages/fetch_messages_spec.rb": [
        1,
        null,
        1,
        2,
        2,
        1,
        1,
        null,
        null,
        1,
        1,
        null,
        null,
        null,
        null,
        1,
        1,
        null,
        null,
        null,
        null,
        null,
        1,
        1,
        null,
        null,
        1,
        1,
        null,
        null
      ],
      "/home/tolich/Projects/KindCarrier/KindCarrierBackend/app/interactions/messages/fetch_messages.rb": [
        1,
        1,
        1,
        null,
        1,
        null,
        1,
        1,
        null,
        null,
        1,
        null,
        1,
        3,
        null,
        null,
        1,
        1,
        null,
        null,
        1,
        1,
        null,
        null
      ],
      "/home/tolich/Projects/KindCarrier/KindCarrierBackend/spec/interactions/negotiations/cancel_negotiation_spec.rb": [
        1,
        null,
        1,
        5,
        5,
        1,
        4,
        null,
        5,
        4,
        4,
        null,
        1,
        1,
        1,
        null,
        null,
        1,
        2,
        null,
        1,
        1,
        null,
        null,
        null,
        1,
        2,
        null,
        1,
        1,
        null,
        null,
        null,
        null,
        1,
        1,
        null,
        null
      ],
      "/home/tolich/Projects/KindCarrier/KindCarrierBackend/app/interactions/negotiations/cancel_negotiation.rb": [
        1,
        1,
        1,
        null,
        1,
        null,
        1,
        4,
        4,
        null,
        null,
        1,
        8,
        null,
        null,
        1,
        8,
        null,
        null,
        1,
        8,
        null,
        null
      ],
      "/home/tolich/Projects/KindCarrier/KindCarrierBackend/spec/interactions/negotiations/confirm_negotiation_spec.rb": [
        1,
        null,
        1,
        4,
        5,
        5,
        4,
        5,
        null,
        1,
        1,
        1,
        null,
        null,
        1,
        2,
        null,
        1,
        1,
        null,
        null,
        null,
        1,
        2,
        null,
        1,
        1,
        null,
        null,
        null,
        null,
        1,
        1,
        null,
        null
      ],
      "/home/tolich/Projects/KindCarrier/KindCarrierBackend/app/interactions/negotiations/confirm_negotiation.rb": [
        1,
        1,
        1,
        null,
        1,
        null,
        1,
        3,
        3,
        null,
        null,
        1,
        null,
        1,
        7,
        null,
        null,
        1,
        7,
        null,
        null,
        1,
        7,
        null,
        null
      ],
      "/home/tolich/Projects/KindCarrier/KindCarrierBackend/spec/interactions/negotiations/fetch_negotiations_spec.rb": [
        1,
        1,
        4,
        4,
        4,
        null,
        1,
        2,
        null,
        1,
        1,
        null,
        null,
        null,
        1,
        2,
        null,
        1,
        1,
        1,
        null,
        null,
        null,
        1,
        2,
        null,
        1,
        1,
        1,
        null,
        null,
        null
      ],
      "/home/tolich/Projects/KindCarrier/KindCarrierBackend/app/interactions/negotiations/fetch_negotiations.rb": [
        1,
        1,
        1,
        1,
        1,
        null,
        1,
        4,
        4,
        4,
        4,
        null,
        null
      ],
      "/home/tolich/Projects/KindCarrier/KindCarrierBackend/spec/models/negotiation_spec.rb": [
        1,
        null,
        1,
        2,
        2,
        1,
        1,
        null,
        null,
        1,
        0,
        0,
        null,
        null,
        null,
        1,
        1,
        1,
        null,
        null,
        null,
        1,
        1,
        1,
        null,
        null,
        null
      ],
      "/home/tolich/Projects/KindCarrier/KindCarrierBackend/app/models/negotiation.rb": [
        1,
        1,
        1,
        1,
        1,
        null,
        1,
        1,
        1,
        null,
        null,
        1,
        1,
        1,
        1,
        1,
        null,
        null,
        1,
        1,
        null,
        null,
        null,
        null
      ],
      "/home/tolich/Projects/KindCarrier/KindCarrierBackend/app/models/application_record.rb": [
        1,
        1,
        null
      ],
      "/home/tolich/Projects/KindCarrier/KindCarrierBackend/spec/models/user_spec.rb": [
        1,
        null,
        1,
        4,
        6,
        5,
        5,
        1,
        5,
        null,
        null,
        null,
        1,
        4,
        4,
        null,
        null,
        null,
        1,
        1,
        1,
        null,
        null,
        null,
        1,
        1,
        2,
        null,
        1,
        null,
        null,
        1,
        1,
        1,
        null,
        null,
        2,
        null,
        1,
        null,
        null,
        1,
        2,
        null,
        1,
        null,
        null,
        1,
        2,
        null,
        1,
        null,
        null,
        1,
        1,
        null,
        null,
        null
      ],
      "/home/tolich/Projects/KindCarrier/KindCarrierBackend/app/models/user.rb": [
        1,
        1,
        1,
        null,
        1,
        1,
        102,
        null,
        1,
        null,
        1,
        null,
        1,
        1,
        null,
        1,
        null,
        1,
        null,
        null,
        1,
        0,
        null,
        0,
        null,
        0,
        null,
        null,
        1,
        93,
        null,
        null
      ],
      "/home/tolich/Projects/KindCarrier/KindCarrierBackend/app/uploaders/avatar_uploader.rb": [
        1,
        null,
        null,
        1,
        null,
        null,
        1,
        null,
        null,
        null,
        null,
        1,
        0,
        null,
        null,
        null,
        null,
        null,
        null,
        null,
        null,
        null,
        null,
        1,
        null,
        null,
        null,
        null,
        null,
        null,
        null,
        null,
        null,
        null,
        null,
        1,
        0,
        null,
        null,
        null,
        null,
        null,
        null,
        null,
        null
      ],
      "/home/tolich/Projects/KindCarrier/KindCarrierBackend/spec/requests/negotiations_request_spec.rb": [
        1,
        null,
        1,
        1,
        1,
        1,
        1,
        null,
        null,
        1,
        null,
        null,
        null,
        null,
        null,
        null,
        null,
        null,
        null,
        null,
        null,
        null,
        null,
        null,
        null,
        null,
        null,
        null,
        null,
        null,
        null,
        null,
        null,
        1,
        null,
        null,
        null,
        null,
        null,
        null,
        null,
        null,
        null,
        null,
        null,
        null,
        null,
        null,
        null,
        null,
        null,
        null,
        null,
        null,
        null,
        null,
        null,
        null,
        null,
        null,
        null,
        null,
        null,
        null,
        null,
        null,
        null,
        null,
        null,
        null,
        null,
        null,
        null,
        null,
        null,
        null,
        null,
        null,
        null,
        1,
        null,
        1,
        1,
        null,
        2,
        2,
        2,
        null,
        1,
        1,
        null,
        null,
        null,
        1,
        2,
        2,
        null,
        1,
        null,
        null,
        null,
        1,
        1,
        1,
        null,
        1,
        1,
        null,
        2,
        2,
        2,
        null,
        1,
        1,
        1,
        null,
        null,
        null,
        null,
        null,
        1,
        1,
        1,
        1,
        null,
        1,
        1,
        null,
        5,
        4,
        5,
        3,
        null,
        1,
        1,
        null,
        2,
        null,
        1,
        1,
        1,
        null,
        null,
        null,
        1,
        2,
        null,
        1,
        null,
        null,
        null,
        null,
        1,
        1,
        2,
        null,
        1,
        null,
        null,
        1,
        2,
        2,
        null,
        1,
        null,
        null,
        null,
        null,
        null,
        1,
        1,
        1,
        1,
        null,
        1,
        1,
        null,
        6,
        6,
        5,
        6,
        null,
        1,
        1,
        null,
        1,
        2,
        null,
        1,
        1,
        null,
        null,
        null,
        1,
        2,
        null,
        1,
        1,
        null,
        null,
        null,
        null,
        1,
        2,
        null,
        1,
        null,
        null,
        null,
        1,
        1,
        2,
        2,
        null,
        1,
        null,
        null,
        1,
        2,
        2,
        null,
        1,
        null,
        null,
        null,
        null,
        null
      ],
      "/home/tolich/Projects/KindCarrier/KindCarrierBackend/spec/swagger_helper.rb": [
        1,
        null,
        1,
        1,
        1,
        null,
        null,
        null,
        null,
        null,
        null,
        null,
        null,
        null,
        null,
        null
      ],
      "/home/tolich/Projects/KindCarrier/KindCarrierBackend/spec/requests/sessions_request_spec.rb": [
        1,
        null,
        1,
        1,
        1,
        1,
        1,
        null,
        null,
        1,
        null,
        null,
        null,
        1,
        null,
        null,
        null,
        null,
        null,
        null,
        null,
        null,
        null,
        1,
        1,
        2,
        2,
        1,
        1,
        1,
        null,
        null,
        null,
        null,
        null
      ],
      "/home/tolich/Projects/KindCarrier/KindCarrierBackend/spec/requests/users_request_spec.rb": [
        1,
        null,
        1,
        1,
        1,
        1,
        1,
        null,
        null,
        1,
        null,
        null,
        null,
        null,
        null,
        1,
        null,
        null,
        null,
        null,
        null,
        null,
        null,
        null,
        null,
        null,
        null,
        1,
        1,
        2,
        1,
        1,
        null,
        null,
        null,
        1,
        2,
        1,
        null,
        null,
        null,
        null,
        1,
        1,
        1,
        1,
        null,
        null,
        1,
        null,
        null,
        null,
        1,
        null,
        null,
        null,
        null,
        null,
        null,
        null,
        null,
        1,
        1,
        null,
        1,
        1,
        null,
        2,
        2,
        2,
        2,
        null,
        1,
        1,
        null,
        null,
        null,
        1,
        null,
        null,
        2,
        2,
        2,
        2,
        null,
        1,
        null,
        null,
        null,
        null
      ],
      "/home/tolich/Projects/KindCarrier/KindCarrierBackend/app/models/message.rb": [
        1,
        1,
        1,
        null
      ],
      "/home/tolich/Projects/KindCarrier/KindCarrierBackend/app/controllers/negotiations_controller.rb": [
        1,
        1,
        null,
        1,
        null,
        1,
        1,
        1,
        null,
        null,
        1,
        3,
        1,
        null,
        null,
        1,
        4,
        2,
        null,
        null,
        1,
        1,
        1,
        null,
        null,
        1,
        null,
        1,
        null,
        7,
        null,
        null,
        null,
        null,
        1,
        7,
        null,
        null
      ],
      "/home/tolich/Projects/KindCarrier/KindCarrierBackend/app/controllers/smart_controller.rb": [
        1,
        1,
        1,
        1,
        2,
        1,
        null,
        null,
        null,
        1,
        1,
        2,
        1,
        null,
        null,
        null,
        1,
        1,
        0,
        0,
        null,
        null,
        null,
        1,
        2,
        0,
        null,
        null,
        null,
        null,
        1,
        null,
        1,
        5,
        null,
        null,
        1,
        0,
        null,
        null,
        1,
        null,
        1,
        0,
        0,
        null,
        null,
        1,
        3,
        null,
        null
      ],
      "/home/tolich/Projects/KindCarrier/KindCarrierBackend/app/controllers/api_controller.rb": [
        1,
        1,
        null,
        1,
        null,
        1,
        1,
        1,
        null,
        1,
        13,
        13,
        null,
        10,
        null,
        null,
        1,
        3,
        null,
        null,
        null,
        null,
        1,
        4,
        null,
        null,
        null,
        null,
        1,
        2,
        null,
        null,
        null,
        null,
        null
      ],
      "/home/tolich/Projects/KindCarrier/KindCarrierBackend/lib/exceptions.rb": [
        1,
        1,
        null
      ],
      "/home/tolich/Projects/KindCarrier/KindCarrierBackend/lib/api.rb": [
        1,
        1,
        1,
        1,
        null
      ],
      "/home/tolich/Projects/KindCarrier/KindCarrierBackend/app/controllers/sessions_controller.rb": [
        1,
        1,
        null,
        1,
        1,
        1,
        null,
        null
      ],
      "/home/tolich/Projects/KindCarrier/KindCarrierBackend/app/serializers/user_serializer.rb": [
        1,
        1,
        null
      ],
      "/home/tolich/Projects/KindCarrier/KindCarrierBackend/app/controllers/users_controller.rb": [
        1,
        null,
        1,
        null,
        null,
        1,
        1,
        1,
        1,
        null
      ]
    },
    "timestamp": 1561135056
  }
}
